<?xml version="1.0" encoding="UTF-8" ?>
<testsuite errors="0" failures="0" hostname="sis-jrk-l01.ctisl.gtri.org" name="com.jking31cs.GraphTest" skipped="0" tests="3" time="0.05" timestamp="2014-10-03T14:18:04">
  <properties>
[...]
</properties>
  <testcase classname="com.jking31cs.GraphTest" name="testDanglingEdge" time="0.003" />
  <testcase classname="com.jking31cs.GraphTest" name="testAddEdges" time="0.001" />
  <testcase classname="com.jking31cs.GraphTest" name="testAddVertices" time="0.0" />
  <system-out><![CDATA[]]></system-out>
  <system-err><![CDATA[]]></system-err>
</testsuite>
