<?xml version="1.0" encoding="UTF-8" ?>
<testsuite errors="0" failures="0" hostname="Arindam-Laptop" name="com.jking31cs.GraphTest" skipped="0" tests="5" time="0.051" timestamp="2014-10-06T22:31:49">
  <properties>
[...]
</properties>
  <testcase classname="com.jking31cs.GraphTest" name="testDanglingEdge" time="0.004" />
  <testcase classname="com.jking31cs.GraphTest" name="testAddEdges" time="0.001" />
  <testcase classname="com.jking31cs.GraphTest" name="testOuterFaceDetection" time="0.001" />
  <testcase classname="com.jking31cs.GraphTest" name="testAddVertices" time="0.0" />
  <testcase classname="com.jking31cs.GraphTest" name="testLoopNotOn0Index" time="0.0" />
  <system-out><![CDATA[]]></system-out>
  <system-err><![CDATA[]]></system-err>
</testsuite>
